<?xml version="1.0" encoding="UTF-8"?>
<!-- Generated by org.testng.reporters.JUnitXMLReporter -->
<testsuite ignored="0" hostname="Soumyajit" failures="1" tests="5" name="Test2" time="36.554" errors="0" timestamp="2023-09-12T11:45:49 IST">
  <testcase classname="com.CRM.vTiger1.organisation.MultipleUserOrganisationTest" name="verifyOrganisationTest" time="20.137">
    <failure type="org.openqa.selenium.NoSuchElementException" message="Unable to find element with locator By.cssSelector: .dvHeaderText
For documentation on this error, please visit: https://www.selenium.dev/documentation/webdriver/troubleshooting/errors#no-such-element-exception
Build info: version: &amp;apos;4.11.0&amp;apos;, revision: &amp;apos;040bc5406b&amp;apos;
System info: os.name: &amp;apos;Windows 10&amp;apos;, os.arch: &amp;apos;amd64&amp;apos;, os.version: &amp;apos;10.0&amp;apos;, java.version: &amp;apos;20.0.1&amp;apos;
Driver info: driver.version: RemoteWebDriver">
      <![CDATA[org.openqa.selenium.NoSuchElementException: Unable to find element with locator By.cssSelector: .dvHeaderText
For documentation on this error, please visit: https://www.selenium.dev/documentation/webdriver/troubleshooting/errors#no-such-element-exception
Build info: version: '4.11.0', revision: '040bc5406b'
System info: os.name: 'Windows 10', os.arch: 'amd64', os.version: '10.0', java.version: '20.0.1'
Driver info: driver.version: RemoteWebDriver
at org.openqa.selenium.remote.ElementLocation$ElementFinder$2.findElement(ElementLocation.java:168)
at org.openqa.selenium.remote.ElementLocation.findElement(ElementLocation.java:59)
at org.openqa.selenium.remote.RemoteWebDriver.findElement(RemoteWebDriver.java:355)
at org.openqa.selenium.remote.RemoteWebDriver.findElement(RemoteWebDriver.java:349)
at org.openqa.selenium.support.pagefactory.DefaultElementLocator.findElement(DefaultElementLocator.java:68)
at org.openqa.selenium.support.pagefactory.internal.LocatingElementHandler.invoke(LocatingElementHandler.java:38)
at jdk.proxy2/jdk.proxy2.$Proxy22.getText(Unknown Source)
at com.CRM.vTiger1.ObjectRepository.OrganisationInfoPage.organisationHeader(OrganisationInfoPage.java:17)
at com.CRM.vTiger1.organisation.MultipleUserOrganisationTest.verifyOrganisationTest(MultipleUserOrganisationTest.java:43)
at java.base/java.util.ArrayList.forEach(ArrayList.java:1511)
at java.base/java.util.concurrent.FutureTask.run(FutureTask.java:317)
at java.base/java.util.concurrent.ThreadPoolExecutor.runWorker(ThreadPoolExecutor.java:1144)
at java.base/java.util.concurrent.ThreadPoolExecutor$Worker.run(ThreadPoolExecutor.java:642)
at java.base/java.lang.Thread.run(Thread.java:1623)
... Removed 15 stack frames]]>
    </failure>
  </testcase> <!-- verifyOrganisationTest -->
  <testcase classname="com.CRM.vTiger1.organisation.MultipleUserOrganisationTest" name="verifyOrganisationTest" time="0.0">
    <skipped/>
  </testcase> <!-- verifyOrganisationTest -->
  <testcase classname="com.CRM.vTiger1.organisation.MultipleUserOrganisationTest" name="verifyOrganisationTest" time="0.0">
    <skipped/>
  </testcase> <!-- verifyOrganisationTest -->
  <testcase classname="com.CRM.vTiger1.organisation.MultipleUserOrganisationTest" name="verifyOrganisationTest" time="0.0">
    <skipped/>
  </testcase> <!-- verifyOrganisationTest -->
  <testcase classname="com.CRM.vTiger1.organisation.MultipleUserOrganisationTest" name="verifyOrganisationTest" time="0.0">
    <skipped/>
  </testcase> <!-- verifyOrganisationTest -->
</testsuite> <!-- Test2 -->
